CREATE TABLE memos (
  id integer,
  content text
);
INSERT INTO memos VALUES (1, 'PostgreSQL is a RDBMS.');
INSERT INTO memos VALUES (2, 'Groonga is fast full text search engine.');
INSERT INTO memos VALUES (3, 'PGroonga is a PostgreSQL extension that uses Groonga.');
CREATE INDEX grnindex ON memos
 USING pgroonga (content pgroonga.text_full_text_search_ops);
SET enable_seqscan = off;
SET enable_indexscan = off;
SET enable_bitmapscan = on;
EXPLAIN
SELECT id, content
  FROM memos
 WHERE content &@ 'Groonga';
                              QUERY PLAN                               
-----------------------------------------------------------------------
 Bitmap Heap Scan on memos  (cost=0.00..4.01 rows=2 width=36)
   Recheck Cond: (content &@ 'Groonga'::text)
   ->  Bitmap Index Scan on grnindex  (cost=0.00..0.00 rows=1 width=0)
         Index Cond: (content &@ 'Groonga'::text)
(4 rows)

SELECT id, content
  FROM memos
 WHERE content &@ 'Groonga';
 id |                        content                        
----+-------------------------------------------------------
  2 | Groonga is fast full text search engine.
  3 | PGroonga is a PostgreSQL extension that uses Groonga.
(2 rows)

DROP TABLE memos;
